`>1994 selectivity -> (5/100 * 0.192266747355461)+0.695999997667968)`

`Seq Scan on productions  (cost=0.00..187766.38 rows=5429292 width=72) (actual time=0.007..1138.028 rows=5402193 loops=1)`

Selectivity = (5/100 * 0.192266747355461)+0.695999997667968)  = **0.705613335**

(5/100 * 0.192266747355461)+0.695999997667968) * 7694430=5429292.413499057



`<=1996`

`Seq Scan on productions  (cost=0.00..187766.38 rows=1531787 width=72) (actual time=1.283..6197.865 rows=1551013 loops=1)`

Selectivity = ((99/100 * 0.192266747355461)+0.00873333)  = **0.19907741**

0.19907741 * 7694430 = 1531787.194917637



`productiontype='short'`

`Seq Scan on productions  (cost=0.00..187766.38 rows=813814 width=72) (actual time=0.068..957.947 rows=811442 loops=1)`

Selectivity = **0.105765**

0.105767*7694430=813816.77781

`Gather  (cost=1000.00..150027.82 rows=13366 width=72) (actual time=0.442..329.060 rows=5327 loops=1)`

Selectivity =  0.705613335 * 0.19907741 * 0.105765 = 0.014856987

0.014856987 * 7694430 = 114316.04648241??

13366.41